<?xml version="1.0" encoding="UTF-8" ?>
<testsuite tests="100" failures="0" name="StepDefinition.TestRunner" time="0.004" errors="0" skipped="0">
  <properties>
[...]
</properties>
  <testcase classname="| postive case with value 1 | pages | 1 |" name="Given I add the url" time="0.001"/>
  <testcase classname="| postive case with value 1 | pages | 1 |" name="And I add parameter &quot;pages&quot; with &quot;1&quot;" time="0"/>
  <testcase classname="| postive case with value 1 | pages | 1 |" name="And I execute the API" time="0"/>
  <testcase classname="| postive case with value 1 | pages | 1 |" name="Then I validate &quot;Resultcode&quot; with &quot;200&quot;" time="0"/>
  <testcase classname="| postive case with value 1 | pages | 1 |" name="| postive case with value 1 | pages | 1 |" time="0"/>
  <testcase classname="| negative case with value 20000 | pages | 20000 |" name="Given I add the url" time="0"/>
  <testcase classname="| negative case with value 20000 | pages | 20000 |" name="And I add parameter &quot;pages&quot; with &quot;20000&quot;" time="0"/>
  <testcase classname="| negative case with value 20000 | pages | 20000 |" name="And I execute the API" time="0"/>
  <testcase classname="| negative case with value 20000 | pages | 20000 |" name="Then I validate &quot;Resultcode&quot; with &quot;200&quot;" time="0"/>
  <testcase classname="| negative case with value 20000 | pages | 20000 |" name="| negative case with value 20000 | pages | 20000 |" time="0"/>
  <testcase classname="| negative case with value !@ | pages | !@ |" name="Given I add the url" time="0"/>
  <testcase classname="| negative case with value !@ | pages | !@ |" name="And I add parameter &quot;pages&quot; with &quot;!@&quot;" time="0"/>
  <testcase classname="| negative case with value !@ | pages | !@ |" name="And I execute the API" time="0"/>
  <testcase classname="| negative case with value !@ | pages | !@ |" name="Then I validate &quot;Resultcode&quot; with &quot;200&quot;" time="0"/>
  <testcase classname="| negative case with value !@ | pages | !@ |" name="| negative case with value !@ | pages | !@ |" time="0"/>
  <testcase classname="| negative case with value 2abc | pages | 2abc |" name="Given I add the url" time="0"/>
  <testcase classname="| negative case with value 2abc | pages | 2abc |" name="And I add parameter &quot;pages&quot; with &quot;2abc&quot;" time="0"/>
  <testcase classname="| negative case with value 2abc | pages | 2abc |" name="And I execute the API" time="0"/>
  <testcase classname="| negative case with value 2abc | pages | 2abc |" name="Then I validate &quot;Resultcode&quot; with &quot;200&quot;" time="0"/>
  <testcase classname="| negative case with value 2abc | pages | 2abc |" name="| negative case with value 2abc | pages | 2abc |" time="0"/>
  <testcase classname="| negative case with value xyz | pages | xyz |" name="Given I add the url" time="0"/>
  <testcase classname="| negative case with value xyz | pages | xyz |" name="And I add parameter &quot;pages&quot; with &quot;xyz&quot;" time="0"/>
  <testcase classname="| negative case with value xyz | pages | xyz |" name="And I execute the API" time="0"/>
  <testcase classname="| negative case with value xyz | pages | xyz |" name="Then I validate &quot;Resultcode&quot; with &quot;200&quot;" time="0"/>
  <testcase classname="| negative case with value xyz | pages | xyz |" name="| negative case with value xyz | pages | xyz |" time="0"/>
  <testcase classname="| negative case with value -10 | pages | -10 |" name="Given I add the url" time="0"/>
  <testcase classname="| negative case with value -10 | pages | -10 |" name="And I add parameter &quot;pages&quot; with &quot;-10&quot;" time="0"/>
  <testcase classname="| negative case with value -10 | pages | -10 |" name="And I execute the API" time="0"/>
  <testcase classname="| negative case with value -10 | pages | -10 |" name="Then I validate &quot;Resultcode&quot; with &quot;200&quot;" time="0"/>
  <testcase classname="| negative case with value -10 | pages | -10 |" name="| negative case with value -10 | pages | -10 |" time="0"/>
  <testcase classname="| postive case with value love-happiness | tags | love%7Chappiness |" name="Given I add the url" time="0"/>
  <testcase classname="| postive case with value love-happiness | tags | love%7Chappiness |" name="And I add parameter &quot;tags&quot; with &quot;love%7Chappiness&quot;" time="0"/>
  <testcase classname="| postive case with value love-happiness | tags | love%7Chappiness |" name="And I execute the API" time="0"/>
  <testcase classname="| postive case with value love-happiness | tags | love%7Chappiness |" name="Then I validate &quot;Resultcode&quot; with &quot;200&quot;" time="0"/>
  <testcase classname="| postive case with value love-happiness | tags | love%7Chappiness |" name="| postive case with value love-happiness | tags | love%7Chappiness |" time="0"/>
  <testcase classname="| postive case with value technology,famous-quotes | tags | technology,famous-quotes |" name="Given I add the url" time="0"/>
  <testcase classname="| postive case with value technology,famous-quotes | tags | technology,famous-quotes |" name="And I add parameter &quot;tags&quot; with &quot;technology,famous-quotes&quot;" time="0"/>
  <testcase classname="| postive case with value technology,famous-quotes | tags | technology,famous-quotes |" name="And I execute the API" time="0"/>
  <testcase classname="| postive case with value technology,famous-quotes | tags | technology,famous-quotes |" name="Then I validate &quot;Resultcode&quot; with &quot;200&quot;" time="0"/>
  <testcase classname="| postive case with value technology,famous-quotes | tags | technology,famous-quotes |" name="| postive case with value technology,famous-quotes | tags | technology,famous-quotes |" time="0"/>
  <testcase classname="| negative case with value 20000 | tags | 20000 |" name="Given I add the url" time="0"/>
  <testcase classname="| negative case with value 20000 | tags | 20000 |" name="And I add parameter &quot;tags&quot; with &quot;20000&quot;" time="0"/>
  <testcase classname="| negative case with value 20000 | tags | 20000 |" name="And I execute the API" time="0"/>
  <testcase classname="| negative case with value 20000 | tags | 20000 |" name="Then I validate &quot;Resultcode&quot; with &quot;200&quot;" time="0"/>
  <testcase classname="| negative case with value 20000 | tags | 20000 |" name="| negative case with value 20000 | tags | 20000 |" time="0.001"/>
  <testcase classname="| negative case with value !@ | tags | !@ |" name="Given I add the url" time="0"/>
  <testcase classname="| negative case with value !@ | tags | !@ |" name="And I add parameter &quot;tags&quot; with &quot;!@&quot;" time="0"/>
  <testcase classname="| negative case with value !@ | tags | !@ |" name="And I execute the API" time="0"/>
  <testcase classname="| negative case with value !@ | tags | !@ |" name="Then I validate &quot;Resultcode&quot; with &quot;200&quot;" time="0"/>
  <testcase classname="| negative case with value !@ | tags | !@ |" name="| negative case with value !@ | tags | !@ |" time="0.001"/>
  <testcase classname="| negative case with value 2abc | tags | 2abc |" name="Given I add the url" time="0"/>
  <testcase classname="| negative case with value 2abc | tags | 2abc |" name="And I add parameter &quot;tags&quot; with &quot;2abc&quot;" time="0"/>
  <testcase classname="| negative case with value 2abc | tags | 2abc |" name="And I execute the API" time="0"/>
  <testcase classname="| negative case with value 2abc | tags | 2abc |" name="Then I validate &quot;Resultcode&quot; with &quot;200&quot;" time="0"/>
  <testcase classname="| negative case with value 2abc | tags | 2abc |" name="| negative case with value 2abc | tags | 2abc |" time="0"/>
  <testcase classname="| negative case with value xyz | tags | xyz |" name="Given I add the url" time="0"/>
  <testcase classname="| negative case with value xyz | tags | xyz |" name="And I add parameter &quot;tags&quot; with &quot;xyz&quot;" time="0"/>
  <testcase classname="| negative case with value xyz | tags | xyz |" name="And I execute the API" time="0"/>
  <testcase classname="| negative case with value xyz | tags | xyz |" name="Then I validate &quot;Resultcode&quot; with &quot;200&quot;" time="0"/>
  <testcase classname="| negative case with value xyz | tags | xyz |" name="| negative case with value xyz | tags | xyz |" time="0"/>
  <testcase classname="| negative case with value -10 | tags | -10 |" name="Given I add the url" time="0"/>
  <testcase classname="| negative case with value -10 | tags | -10 |" name="And I add parameter &quot;tags&quot; with &quot;-10&quot;" time="0"/>
  <testcase classname="| negative case with value -10 | tags | -10 |" name="And I execute the API" time="0"/>
  <testcase classname="| negative case with value -10 | tags | -10 |" name="Then I validate &quot;Resultcode&quot; with &quot;200&quot;" time="0"/>
  <testcase classname="| negative case with value -10 | tags | -10 |" name="| negative case with value -10 | tags | -10 |" time="0"/>
  <testcase classname="| postive case with value albert-einstein | author | albert-einstein |" name="Given I add the url" time="0"/>
  <testcase classname="| postive case with value albert-einstein | author | albert-einstein |" name="And I add parameter &quot;author&quot; with &quot;albert-einstein&quot;" time="0"/>
  <testcase classname="| postive case with value albert-einstein | author | albert-einstein |" name="And I execute the API" time="0"/>
  <testcase classname="| postive case with value albert-einstein | author | albert-einstein |" name="Then I validate &quot;Resultcode&quot; with &quot;200&quot;" time="0"/>
  <testcase classname="| postive case with value albert-einstein | author | albert-einstein |" name="| postive case with value albert-einstein | author | albert-einstein |" time="0"/>
  <testcase classname="| postive case with value asd@-eins232$3n | author | asd@-eins232$3n |" name="Given I add the url" time="0"/>
  <testcase classname="| postive case with value asd@-eins232$3n | author | asd@-eins232$3n |" name="And I add parameter &quot;author&quot; with &quot;asd@-eins232$3n&quot;" time="0"/>
  <testcase classname="| postive case with value asd@-eins232$3n | author | asd@-eins232$3n |" name="And I execute the API" time="0"/>
  <testcase classname="| postive case with value asd@-eins232$3n | author | asd@-eins232$3n |" name="Then I validate &quot;Resultcode&quot; with &quot;200&quot;" time="0"/>
  <testcase classname="| postive case with value asd@-eins232$3n | author | asd@-eins232$3n |" name="| postive case with value asd@-eins232$3n | author | asd@-eins232$3n |" time="0"/>
  <testcase classname="| negative case with value 20000 | author | 20000 |" name="Given I add the url" time="0"/>
  <testcase classname="| negative case with value 20000 | author | 20000 |" name="And I add parameter &quot;author&quot; with &quot;20000&quot;" time="0"/>
  <testcase classname="| negative case with value 20000 | author | 20000 |" name="And I execute the API" time="0.001"/>
  <testcase classname="| negative case with value 20000 | author | 20000 |" name="Then I validate &quot;Resultcode&quot; with &quot;200&quot;" time="0"/>
  <testcase classname="| negative case with value 20000 | author | 20000 |" name="| negative case with value 20000 | author | 20000 |" time="0"/>
  <testcase classname="| negative case with value !@ | author | !@ |" name="Given I add the url" time="0"/>
  <testcase classname="| negative case with value !@ | author | !@ |" name="And I add parameter &quot;author&quot; with &quot;!@&quot;" time="0"/>
  <testcase classname="| negative case with value !@ | author | !@ |" name="And I execute the API" time="0"/>
  <testcase classname="| negative case with value !@ | author | !@ |" name="Then I validate &quot;Resultcode&quot; with &quot;200&quot;" time="0"/>
  <testcase classname="| negative case with value !@ | author | !@ |" name="| negative case with value !@ | author | !@ |" time="0"/>
  <testcase classname="| negative case with value 2abc | author | 2abc |" name="Given I add the url" time="0"/>
  <testcase classname="| negative case with value 2abc | author | 2abc |" name="And I add parameter &quot;author&quot; with &quot;2abc&quot;" time="0"/>
  <testcase classname="| negative case with value 2abc | author | 2abc |" name="And I execute the API" time="0"/>
  <testcase classname="| negative case with value 2abc | author | 2abc |" name="Then I validate &quot;Resultcode&quot; with &quot;200&quot;" time="0"/>
  <testcase classname="| negative case with value 2abc | author | 2abc |" name="| negative case with value 2abc | author | 2abc |" time="0"/>
  <testcase classname="| negative case with value xyz | author | xyz |" name="Given I add the url" time="0"/>
  <testcase classname="| negative case with value xyz | author | xyz |" name="And I add parameter &quot;author&quot; with &quot;xyz&quot;" time="0"/>
  <testcase classname="| negative case with value xyz | author | xyz |" name="And I execute the API" time="0"/>
  <testcase classname="| negative case with value xyz | author | xyz |" name="Then I validate &quot;Resultcode&quot; with &quot;200&quot;" time="0"/>
  <testcase classname="| negative case with value xyz | author | xyz |" name="| negative case with value xyz | author | xyz |" time="0"/>
  <testcase classname="| negative case with value -10 | author | -10 |" name="Given I add the url" time="0"/>
  <testcase classname="| negative case with value -10 | author | -10 |" name="And I add parameter &quot;author&quot; with &quot;-10&quot;" time="0"/>
  <testcase classname="| negative case with value -10 | author | -10 |" name="And I execute the API" time="0"/>
  <testcase classname="| negative case with value -10 | author | -10 |" name="Then I validate &quot;Resultcode&quot; with &quot;200&quot;" time="0"/>
  <testcase classname="| negative case with value -10 | author | -10 |" name="| negative case with value -10 | author | -10 |" time="0"/>
</testsuite>